#
# There is insufficient memory for the Java Runtime Environment to continue.
# Native memory allocation (malloc) failed to allocate 1478016 bytes for Chunk::new
# Possible reasons:
#   The system is out of physical RAM or swap space
#   In 32 bit mode, the process size limit was hit
# Possible solutions:
#   Reduce memory load on the system
#   Increase physical memory or swap space
#   Check if swap backing store is full
#   Use 64 bit Java on a 64 bit OS
#   Decrease Java heap size (-Xmx/-Xms)
#   Decrease number of Java threads
#   Decrease Java thread stack sizes (-Xss)
#   Set larger code cache with -XX:ReservedCodeCacheSize=
# This output file may be truncated or incomplete.
#
#  Out of Memory Error (allocation.cpp:390), pid=1852, tid=5052
#
# JRE version: Java(TM) SE Runtime Environment (8.0_91-b15) (build 1.8.0_91-b15)
# Java VM: Java HotSpot(TM) 64-Bit Server VM (25.91-b15 mixed mode windows-amd64 compressed oops)
# Failed to write core dump. Minidumps are not enabled by default on client versions of Windows
#

---------------  T H R E A D  ---------------

Current thread (0x0000000056673000):  JavaThread "C2 CompilerThread0" daemon [_thread_in_native, id=5052, stack(0x0000000056de0000,0x0000000056ee0000)]

Stack: [0x0000000056de0000,0x0000000056ee0000]
[error occurred during error reporting (printing stack bounds), id 0xc0000005]

Native frames: (J=compiled Java code, j=interpreted, Vv=VM code, C=native code)


Current CompileTask:
C2:  24894 1938       4       com.android.dx.cf.code.Simulator$SimVisitor::visitConstant (332 bytes)


---------------  P R O C E S S  ---------------

Java Threads: ( => current thread )
  0x0000000056929800 JavaThread "pool-2-thread-4" [_thread_blocked, id=1136, stack(0x0000000057a70000,0x0000000057b70000)]
  0x0000000056944000 JavaThread "pool-2-thread-3" [_thread_blocked, id=1284, stack(0x0000000057600000,0x0000000057700000)]
  0x0000000056942000 JavaThread "pool-2-thread-2" [_thread_blocked, id=5020, stack(0x0000000057900000,0x0000000057a00000)]
  0x0000000056907800 JavaThread "pool-3-thread-1" [_thread_blocked, id=5356, stack(0x0000000057780000,0x0000000057880000)]
  0x0000000056906800 JavaThread "pool-2-thread-1" [_thread_blocked, id=5976, stack(0x00000000574e0000,0x00000000575e0000)]
  0x000000005667d000 JavaThread "Service Thread" daemon [_thread_blocked, id=1660, stack(0x00000000572b0000,0x00000000573b0000)]
  0x0000000056679000 JavaThread "C1 CompilerThread2" daemon [_thread_blocked, id=2452, stack(0x0000000056af0000,0x0000000056bf0000)]
  0x0000000056677000 JavaThread "C2 CompilerThread1" daemon [_thread_in_native, id=6080, stack(0x0000000056fd0000,0x00000000570d0000)]
=>0x0000000056673000 JavaThread "C2 CompilerThread0" daemon [_thread_in_native, id=5052, stack(0x0000000056de0000,0x0000000056ee0000)]
  0x000000005505f800 JavaThread "Attach Listener" daemon [_thread_blocked, id=5920, stack(0x0000000056bf0000,0x0000000056cf0000)]
  0x000000005506f000 JavaThread "Signal Dispatcher" daemon [_thread_blocked, id=5880, stack(0x00000000563f0000,0x00000000564f0000)]
  0x000000005504a800 JavaThread "Finalizer" daemon [_thread_blocked, id=2180, stack(0x0000000056570000,0x0000000056670000)]
  0x0000000055003800 JavaThread "Reference Handler" daemon [_thread_blocked, id=4828, stack(0x00000000562b0000,0x00000000563b0000)]
  0x0000000001c98000 JavaThread "main" [_thread_blocked, id=3696, stack(0x0000000002530000,0x0000000002630000)]

Other Threads:
  0x0000000054ffc000 VMThread [stack: 0x0000000056130000,0x0000000056230000] [id=1228]
  0x0000000056738800 WatcherThread [stack: 0x0000000057130000,0x0000000057230000] [id=5620]

VM state:not at safepoint (normal execution)

VM Mutex/Monitor currently owned by a thread: None

Heap:
 PSYoungGen      total 44032K, used 43950K [0x00000000eab00000, 0x00000000f0f00000, 0x0000000100000000)
  eden space 40960K, 99% used [0x00000000eab00000,0x00000000ed2f3938,0x00000000ed300000)
  from space 3072K, 98% used [0x00000000ed300000,0x00000000ed5f8048,0x00000000ed600000)
  to   space 10240K, 0% used [0x00000000f0500000,0x00000000f0500000,0x00000000f0f00000)
 ParOldGen       total 53248K, used 16290K [0x00000000c0000000, 0x00000000c3400000, 0x00000000eab00000)
  object space 53248K, 30% used [0x00000000c0000000,0x00000000c0fe8bb0,0x00000000c3400000)
 Metaspace       used 6390K, capacity 7154K, committed 7296K, reserved 1056768K
  class space    used 599K, capacity 618K, committed 640K, reserved 1048576K

Card table byte_map: [0x0000000011cc0000,0x0000000011ed0000] byte_map_base: 0x00000000116c0000

Marking Bits: (ParMarkBitMap*) 0x000000006c522f70
 Begin Bits: [0x0000000012470000, 0x0000000013470000)
 End Bits:   [0x0000000013470000, 0x0000000014470000)

Polling page: 0x0000000001d60000

CodeCache: size=245760Kb used=8719Kb max_used=8719Kb free=237040Kb
 bounds [0x0000000002900000, 0x0000000003190000, 0x0000000011900000]
 total_blobs=2164 nmethods=1896 adapters=180
 compilation: enabled

Compilation events (10 events):
Event: 24.839 Thread 0x0000000056679000 1943       3       com.android.dx.dex.cf.AttributeTranslator::translateEnclosingMethod (50 bytes)
Event: 24.840 Thread 0x0000000056679000 nmethod 1943 0x0000000003137d10 code [0x0000000003137f60, 0x0000000003138d88]
Event: 24.840 Thread 0x0000000056679000 1949       3       java.util.zip.ZipUtils::dosToJavaTime (71 bytes)
Event: 24.841 Thread 0x0000000056679000 nmethod 1949 0x00000000030e5b50 code [0x00000000030e5ce0, 0x00000000030e6198]
Event: 24.841 Thread 0x0000000056679000 1950       3       sun.util.calendar.BaseCalendar$Date::<init> (32 bytes)
Event: 24.841 Thread 0x0000000056679000 nmethod 1950 0x0000000003137850 code [0x00000000031379c0, 0x0000000003137c10]
Event: 24.841 Thread 0x0000000056679000 1951       3       sun.util.calendar.AbstractCalendar::getTime (174 bytes)
Event: 24.842 Thread 0x0000000056679000 nmethod 1951 0x000000000317a9d0 code [0x000000000317ac20, 0x000000000317c088]
Event: 24.842 Thread 0x0000000056679000 1952       3       sun.util.calendar.BaseCalendar::normalizeMonth (117 bytes)
Event: 24.843 Thread 0x0000000056679000 nmethod 1952 0x0000000003179c50 code [0x0000000003179e20, 0x000000000317a748]

GC Heap History (10 events):
Event: 3.441 GC heap before
{Heap before GC invocations=1 (full 0):
 PSYoungGen      total 23552K, used 20480K [0x00000000eab00000, 0x00000000ec500000, 0x0000000100000000)
  eden space 20480K, 100% used [0x00000000eab00000,0x00000000ebf00000,0x00000000ebf00000)
  from space 3072K, 0% used [0x00000000ec200000,0x00000000ec200000,0x00000000ec500000)
  to   space 3072K, 0% used [0x00000000ebf00000,0x00000000ebf00000,0x00000000ec200000)
 ParOldGen       total 53248K, used 0K [0x00000000c0000000, 0x00000000c3400000, 0x00000000eab00000)
  object space 53248K, 0% used [0x00000000c0000000,0x00000000c0000000,0x00000000c3400000)
 Metaspace       used 5746K, capacity 6640K, committed 6784K, reserved 1056768K
  class space    used 593K, capacity 616K, committed 640K, reserved 1048576K
Event: 3.732 GC heap after
Heap after GC invocations=1 (full 0):
 PSYoungGen      total 23552K, used 3061K [0x00000000eab00000, 0x00000000ec500000, 0x0000000100000000)
  eden space 20480K, 0% used [0x00000000eab00000,0x00000000eab00000,0x00000000ebf00000)
  from space 3072K, 99% used [0x00000000ebf00000,0x00000000ec1fd5d0,0x00000000ec200000)
  to   space 3072K, 0% used [0x00000000ec200000,0x00000000ec200000,0x00000000ec500000)
 ParOldGen       total 53248K, used 756K [0x00000000c0000000, 0x00000000c3400000, 0x00000000eab00000)
  object space 53248K, 1% used [0x00000000c0000000,0x00000000c00bd300,0x00000000c3400000)
 Metaspace       used 5746K, capacity 6640K, committed 6784K, reserved 1056768K
  class space    used 593K, capacity 616K, committed 640K, reserved 1048576K
}
Event: 5.490 GC heap before
{Heap before GC invocations=2 (full 0):
 PSYoungGen      total 23552K, used 23541K [0x00000000eab00000, 0x00000000ec500000, 0x0000000100000000)
  eden space 20480K, 100% used [0x00000000eab00000,0x00000000ebf00000,0x00000000ebf00000)
  from space 3072K, 99% used [0x00000000ebf00000,0x00000000ec1fd5d0,0x00000000ec200000)
  to   space 3072K, 0% used [0x00000000ec200000,0x00000000ec200000,0x00000000ec500000)
 ParOldGen       total 53248K, used 756K [0x00000000c0000000, 0x00000000c3400000, 0x00000000eab00000)
  object space 53248K, 1% used [0x00000000c0000000,0x00000000c00bd300,0x00000000c3400000)
 Metaspace       used 6012K, capacity 6898K, committed 7040K, reserved 1056768K
  class space    used 597K, capacity 618K, committed 640K, reserved 1048576K
Event: 5.566 GC heap after
Heap after GC invocations=2 (full 0):
 PSYoungGen      total 23552K, used 3047K [0x00000000eab00000, 0x00000000ec500000, 0x0000000100000000)
  eden space 20480K, 0% used [0x00000000eab00000,0x00000000eab00000,0x00000000ebf00000)
  from space 3072K, 99% used [0x00000000ec200000,0x00000000ec4f9c98,0x00000000ec500000)
  to   space 3072K, 0% used [0x00000000ebf00000,0x00000000ebf00000,0x00000000ec200000)
 ParOldGen       total 53248K, used 3199K [0x00000000c0000000, 0x00000000c3400000, 0x00000000eab00000)
  object space 53248K, 6% used [0x00000000c0000000,0x00000000c031fd18,0x00000000c3400000)
 Metaspace       used 6012K, capacity 6898K, committed 7040K, reserved 1056768K
  class space    used 597K, capacity 618K, committed 640K, reserved 1048576K
}
Event: 19.429 GC heap before
{Heap before GC invocations=3 (full 0):
 PSYoungGen      total 23552K, used 23527K [0x00000000eab00000, 0x00000000ec500000, 0x0000000100000000)
  eden space 20480K, 100% used [0x00000000eab00000,0x00000000ebf00000,0x00000000ebf00000)
  from space 3072K, 99% used [0x00000000ec200000,0x00000000ec4f9c98,0x00000000ec500000)
  to   space 3072K, 0% used [0x00000000ebf00000,0x00000000ebf00000,0x00000000ec200000)
 ParOldGen       total 53248K, used 3199K [0x00000000c0000000, 0x00000000c3400000, 0x00000000eab00000)
  object space 53248K, 6% used [0x00000000c0000000,0x00000000c031fd18,0x00000000c3400000)
 Metaspace       used 6233K, capacity 7026K, committed 7296K, reserved 1056768K
  class space    used 597K, capacity 618K, committed 640K, reserved 1048576K
Event: 19.684 GC heap after
Heap after GC invocations=3 (full 0):
 PSYoungGen      total 23552K, used 3047K [0x00000000eab00000, 0x00000000ed900000, 0x0000000100000000)
  eden space 20480K, 0% used [0x00000000eab00000,0x00000000eab00000,0x00000000ebf00000)
  from space 3072K, 99% used [0x00000000ebf00000,0x00000000ec1f9c98,0x00000000ec200000)
  to   space 3072K, 0% used [0x00000000ed600000,0x00000000ed600000,0x00000000ed900000)
 ParOldGen       total 53248K, used 6634K [0x00000000c0000000, 0x00000000c3400000, 0x00000000eab00000)
  object space 53248K, 12% used [0x00000000c0000000,0x00000000c067aba8,0x00000000c3400000)
 Metaspace       used 6233K, capacity 7026K, committed 7296K, reserved 1056768K
  class space    used 597K, capacity 618K, committed 640K, reserved 1048576K
}
Event: 20.254 GC heap before
{Heap before GC invocations=4 (full 0):
 PSYoungGen      total 23552K, used 23527K [0x00000000eab00000, 0x00000000ed900000, 0x0000000100000000)
  eden space 20480K, 100% used [0x00000000eab00000,0x00000000ebf00000,0x00000000ebf00000)
  from space 3072K, 99% used [0x00000000ebf00000,0x00000000ec1f9c98,0x00000000ec200000)
  to   space 3072K, 0% used [0x00000000ed600000,0x00000000ed600000,0x00000000ed900000)
 ParOldGen       total 53248K, used 6634K [0x00000000c0000000, 0x00000000c3400000, 0x00000000eab00000)
  object space 53248K, 12% used [0x00000000c0000000,0x00000000c067aba8,0x00000000c3400000)
 Metaspace       used 6275K, capacity 7090K, committed 7296K, reserved 1056768K
  class space    used 598K, capacity 618K, committed 640K, reserved 1048576K
Event: 20.278 GC heap after
Heap after GC invocations=4 (full 0):
 PSYoungGen      total 44032K, used 3060K [0x00000000eab00000, 0x00000000ed900000, 0x0000000100000000)
  eden space 40960K, 0% used [0x00000000eab00000,0x00000000eab00000,0x00000000ed300000)
  from space 3072K, 99% used [0x00000000ed600000,0x00000000ed8fd250,0x00000000ed900000)
  to   space 3072K, 0% used [0x00000000ed300000,0x00000000ed300000,0x00000000ed600000)
 ParOldGen       total 53248K, used 9770K [0x00000000c0000000, 0x00000000c3400000, 0x00000000eab00000)
  object space 53248K, 18% used [0x00000000c0000000,0x00000000c098a968,0x00000000c3400000)
 Metaspace       used 6275K, capacity 7090K, committed 7296K, reserved 1056768K
  class space    used 598K, capacity 618K, committed 640K, reserved 1048576K
}
Event: 20.695 GC heap before
{Heap before GC invocations=5 (full 0):
 PSYoungGen      total 44032K, used 44020K [0x00000000eab00000, 0x00000000ed900000, 0x0000000100000000)
  eden space 40960K, 100% used [0x00000000eab00000,0x00000000ed300000,0x00000000ed300000)
  from space 3072K, 99% used [0x00000000ed600000,0x00000000ed8fd250,0x00000000ed900000)
  to   space 3072K, 0% used [0x00000000ed300000,0x00000000ed300000,0x00000000ed600000)
 ParOldGen       total 53248K, used 9770K [0x00000000c0000000, 0x00000000c3400000, 0x00000000eab00000)
  object space 53248K, 18% used [0x00000000c0000000,0x00000000c098a968,0x00000000c3400000)
 Metaspace       used 6354K, capacity 7090K, committed 7296K, reserved 1056768K
  class space    used 599K, capacity 618K, committed 640K, reserved 1048576K
Event: 20.755 GC heap after
Heap after GC invocations=5 (full 0):
 PSYoungGen      total 44032K, used 3040K [0x00000000eab00000, 0x00000000f0f00000, 0x0000000100000000)
  eden space 40960K, 0% used [0x00000000eab00000,0x00000000eab00000,0x00000000ed300000)
  from space 3072K, 98% used [0x00000000ed300000,0x00000000ed5f8048,0x00000000ed600000)
  to   space 10240K, 0% used [0x00000000f0500000,0x00000000f0500000,0x00000000f0f00000)
 ParOldGen       total 53248K, used 16290K [0x00000000c0000000, 0x00000000c3400000, 0x00000000eab00000)
  object space 53248K, 30% used [0x00000000c0000000,0x00000000c0fe8bb0,0x00000000c3400000)
 Metaspace       used 6354K, capacity 7090K, committed 7296K, reserved 1056768K
  class space    used 599K, capacity 618K, committed 640K, reserved 1048576K
}

Deoptimization events (10 events):
Event: 20.347 Thread 0x0000000056906800 Uncommon trap: reason=bimorphic action=maybe_recompile pc=0x0000000002def6f4 method=com.android.dx.ssa.LiteralOpUpgrader.tryReplacingWithConstant(Lcom/android/dx/ssa/NormalSsaInsn;)Z @ 62
Event: 20.357 Thread 0x0000000056906800 Uncommon trap: reason=bimorphic action=maybe_recompile pc=0x0000000002def6f4 method=com.android.dx.ssa.LiteralOpUpgrader.tryReplacingWithConstant(Lcom/android/dx/ssa/NormalSsaInsn;)Z @ 62
Event: 20.982 Thread 0x0000000056929800 Uncommon trap: reason=unstable_if action=reinterpret pc=0x0000000002f96800 method=com.android.dx.cf.code.RopperMachine.run(Lcom/android/dx/cf/code/Frame;II)V @ 1250
Event: 21.056 Thread 0x0000000056944000 Uncommon trap: reason=unstable_if action=reinterpret pc=0x0000000002f8104c method=com.android.dx.cf.code.ByteCatchList.listFor(I)Lcom/android/dx/cf/code/ByteCatchList; @ 47
Event: 21.058 Thread 0x0000000056944000 Uncommon trap: reason=unstable_if action=reinterpret pc=0x00000000030fa0b8 method=com.android.dx.cf.code.Ropper.processBlock(Lcom/android/dx/cf/code/ByteBlock;Lcom/android/dx/cf/code/Frame;[I)V @ 413
Event: 21.059 Thread 0x0000000056944000 Uncommon trap: reason=class_check action=maybe_recompile pc=0x00000000030bf4f4 method=com.android.dx.ssa.SsaMethod.isRegALocal(Lcom/android/dx/rop/code/RegisterSpec;)Z @ 16
Event: 21.059 Thread 0x0000000056944000 Uncommon trap: reason=class_check action=maybe_recompile pc=0x00000000030bf4f4 method=com.android.dx.ssa.SsaMethod.isRegALocal(Lcom/android/dx/rop/code/RegisterSpec;)Z @ 16
Event: 21.059 Thread 0x0000000056944000 Uncommon trap: reason=class_check action=maybe_recompile pc=0x00000000030bf4f4 method=com.android.dx.ssa.SsaMethod.isRegALocal(Lcom/android/dx/rop/code/RegisterSpec;)Z @ 16
Event: 21.059 Thread 0x0000000056944000 Uncommon trap: reason=class_check action=maybe_recompile pc=0x00000000030bf4f4 method=com.android.dx.ssa.SsaMethod.isRegALocal(Lcom/android/dx/rop/code/RegisterSpec;)Z @ 16
Event: 22.983 Thread 0x0000000056944000 Uncommon trap: reason=bimorphic action=maybe_recompile pc=0x0000000002def6f4 method=com.android.dx.ssa.LiteralOpUpgrader.tryReplacingWithConstant(Lcom/android/dx/ssa/NormalSsaInsn;)Z @ 62

Internal exceptions (2 events):
Event: 0.121 Thread 0x0000000001c98000 Exception <a 'java/lang/NoSuchMethodError': Method sun.misc.Unsafe.defineClass(Ljava/lang/String;[BII)Ljava/lang/Class; name or signature does not match> (0x00000000eab07cc0) thrown at [C:\re\workspace\8-2-build-windows-amd64-cygwin\jdk8u91\7017\hotspot\sr[AÙ4¿?
Event: 0.121 Thread 0x0000000001c98000 Exception <a 'java/lang/NoSuchMethodError': Method sun.misc.Unsafe.prefetchRead(Ljava/lang/Object;J)V name or signature does not match> (0x00000000eab07fa8) thrown at [C:\re\workspace\8-2-build-windows-amd64-cygwin\jdk8u91\7017\hotspot\src\share\vm\prims\j

Events (10 events):
Event: 22.744 Thread 0x0000000056677000 flushing nmethod 0x0000000002a41290
Event: 22.744 Thread 0x0000000056677000 flushing nmethod 0x0000000002a42650
Event: 22.744 Thread 0x0000000056677000 flushing nmethod 0x0000000002a44e50
Event: 22.744 Thread 0x0000000056677000 flushing nmethod 0x0000000002a46ad0
Event: 22.744 Thread 0x0000000056677000 flushing nmethod 0x0000000002a47e10
Event: 22.983 Thread 0x0000000056944000 Uncommon trap: trap_request=0xffffffc6 fr.pc=0x0000000002def6f4
Event: 22.983 Thread 0x0000000056944000 DEOPT PACKING pc=0x0000000002def6f4 sp=0x00000000576fe5f0
Event: 22.983 Thread 0x0000000056944000 DEOPT UNPACKING pc=0x000000000294582a sp=0x00000000576fe5a0 mode 2
Event: 23.002 Thread 0x0000000056906800 DEOPT PACKING pc=0x0000000002d26e88 sp=0x00000000575de630
Event: 23.002 Thread 0x0000000056906800 DEOPT UNPACKING pc=0x000000000294747f sp=0x00000000575de460 mode 0


Dynamic libraries:
0x000000013ffb0000 - 0x000000013ffe7000 	C:\Program Files\Java\jdk1.8.0_91\bin\java.exe
0x0000000077c30000 - 0x0000000077ddb000 	C:\Windows\SYSTEM32\ntdll.dll
0x0000000077b10000 - 0x0000000077c2f000 	C:\Windows\system32\kernel32.dll
0x000007fefdce0000 - 0x000007fefdd4b000 	C:\Windows\system32\KERNELBASE.dll
0x000007fefe7f0000 - 0x000007fefe8cb000 	C:\Windows\system32\ADVAPI32.dll
0x000007fefeb40000 - 0x000007fefebdf000 	C:\Windows\system32\msvcrt.dll
0x000007fefe5c0000 - 0x000007fefe5df000 	C:\Windows\SYSTEM32\sechost.dll
0x000007fefe020000 - 0x000007fefe14e000 	C:\Windows\system32\RPCRT4.dll
0x0000000077a10000 - 0x0000000077b0a000 	C:\Windows\system32\USER32.dll
0x000007fefe230000 - 0x000007fefe297000 	C:\Windows\system32\GDI32.dll
0x000007fefe1a0000 - 0x000007fefe1ae000 	C:\Windows\system32\LPK.dll
0x000007feffe70000 - 0x000007fefff3a000 	C:\Windows\system32\USP10.dll
0x000007fefc590000 - 0x000007fefc784000 	C:\Windows\WinSxS\amd64_microsoft.windows.common-controls_6595b64144ccf1df_6.0.7600.16385_none_fa645303170382f6\COMCTL32.dll
0x000007fefe1b0000 - 0x000007fefe221000 	C:\Windows\system32\SHLWAPI.dll
0x000007fefe2a0000 - 0x000007fefe2ce000 	C:\Windows\system32\IMM32.DLL
0x000007fefe2d0000 - 0x000007fefe3d9000 	C:\Windows\system32\MSCTF.dll
0x000000006aba0000 - 0x000000006ac72000 	C:\Program Files\Java\jdk1.8.0_91\jre\bin\msvcr100.dll
0x000000006bd10000 - 0x000000006c5a3000 	C:\Program Files\Java\jdk1.8.0_91\jre\bin\server\jvm.dll
0x000007fef7110000 - 0x000007fef7119000 	C:\Windows\system32\WSOCK32.dll
0x000007fefe150000 - 0x000007fefe19d000 	C:\Windows\system32\WS2_32.dll
0x000007feffc00000 - 0x000007feffc08000 	C:\Windows\system32\NSI.dll
0x000007fefbbf0000 - 0x000007fefbc2b000 	C:\Windows\system32\WINMM.dll
0x000007fefcd00000 - 0x000007fefcd0c000 	C:\Windows\system32\VERSION.dll
0x0000000077df0000 - 0x0000000077df7000 	C:\Windows\system32\PSAPI.DLL
0x0000000074360000 - 0x000000007436f000 	C:\Program Files\Java\jdk1.8.0_91\jre\bin\verify.dll
0x0000000073ac0000 - 0x0000000073ae9000 	C:\Program Files\Java\jdk1.8.0_91\jre\bin\java.dll
0x0000000074340000 - 0x0000000074356000 	C:\Program Files\Java\jdk1.8.0_91\jre\bin\zip.dll
0x000007fefebe0000 - 0x000007feff966000 	C:\Windows\system32\SHELL32.dll
0x000007fefe5e0000 - 0x000007fefe7e1000 	C:\Windows\system32\ole32.dll
0x000007fefdb90000 - 0x000007fefdb9f000 	C:\Windows\system32\profapi.dll

VM Arguments:
jvm_args: -Djava.awt.headless=true -Xmx1024M -Dfile.encoding=windows-1256 -Duser.country=FR -Duser.language=fr -Duser.variant 
java_command: com.android.dx.command.Main --dex --force-jumbo --num-threads=4 --multi-dex --output C:\Users\enpei\AndroidStudioProjects\Maptest\app\build\intermediates\transforms\dex\debug\folders\1000\10\com.google.android.gms-play-services-drive-8.4.0_4373898f65e07a113daeaf49b710cebdc6c065d3 C:\Users\enpei\AndroidStudioProjects\Maptest\app\build\intermediates\exploded-aar\com.google.android.gms\play-services-drive\8.4.0\jars\classes.jar
java_class_path (initial): C:\Users\enpei\AppData\Local\Android\sdk\build-tools\23.0.3\lib\dx.jar
Launcher Type: SUN_STANDARD

Environment Variables:
CLASSPATH=D:\Program Files\OpenNI\Bin64\org.OpenNI.jar
PATH=C:\Python34\;C:\Python34\Scripts;C:\Python34\Lib\site-packages\PyQt4;C:\ProgramData\Oracle\Java\javapath;C:\Program Files (x86)\NVIDIA Corporation\PhysX\Common;C:\PROGRA~2\Borland\CBUILD~1\Bin;C:\PROGRA~2\Borland\CBUILD~1\Projects\Bpl;C:\Windows\system32;C:\Windows;C:\Windows\System32\Wbem;C:\Windows\System32\WindowsPowerShell\v1.0\;C:\Program Files\nodejs\;C:\Program Files (x86)\Common Files\Acronis\SnapAPI\;D:\Program Files\OpenNI\Bin64;D:\Image Processing\OpeeenCV\opencv\build\x64\vc10\bin;C:\Program Files (x86)\MHV AVR Tools\bin;C:\Program Files\Microsoft SQL Server\110\Tools\Binn\;D:\Image Processing\OpeeenCV\opencv\build\x86\vc10\bin;C:\Program Files (x86)\QuickTime\QTSystem\;C:\Program Files (x86)\GtkSharp\2.12\bin;C:\Program Files (x86)\Common Files\lenovo\easyplussdk\bin;C:\Program Files\IVI Foundation\VISA\Win64\Bin\;C:\Program Files (x86)\IVI Foundation\VISA\WinNT\Bin\;C:\Program Files (x86)\IVI Foundation\VISA\WinNT\Bin;C:\Program Files\MATLAB\R2012a\runtime\win64;C:\Program Files\MATLAB\R2012a\bin;C:\Program Files\Git\cmd;C:\Users\enpei\AppData\Roaming\npm;D:\Program Files (x86)\mrpt-1.3.0\bin;C:\Program Files (x86)\w3af;D:\opencv\x64\vc10\bin;C:\Program Files (x86)\Nmap
USERNAME=enpei
OS=Windows_NT
PROCESSOR_IDENTIFIER=Intel64 Family 6 Model 37 Stepping 5, GenuineIntel



---------------  S Y S T E M  ---------------

OS: Windows 7 , 64 bit Build 7600 (6.1.7600.16385)

CPU:total 4 (2 cores per cpu, 2 threads per core) family 6 model 37 stepping 5, cmov, cx8, fxsr, mmx, sse, sse2, sse3, ssse3, sse4.1, sse4.2, popcnt, aes, clmul, ht, tsc, tscinvbit

Memory: 4k page, physical 5100088k(364288k free), swap 7097968k(6336k free)

vm_info: Java HotSpot(TM) 64-Bit Server VM (25.91-b15) for windows-amd64 JRE (1.8.0_91-b15), built on May 20 2016 17:43:15 by "java_re" with MS VC++ 10.0 (VS2010)

time: Wed Aug 24 20:44:14 2016
elapsed time: 24 seconds (0d 0h 0m 24s)

