#
# There is insufficient memory for the Java Runtime Environment to continue.
# Native memory allocation (malloc) failed to allocate 32744 bytes for ChunkPool::allocate
# Possible reasons:
#   The system is out of physical RAM or swap space
#   In 32 bit mode, the process size limit was hit
# Possible solutions:
#   Reduce memory load on the system
#   Increase physical memory or swap space
#   Check if swap backing store is full
#   Use 64 bit Java on a 64 bit OS
#   Decrease Java heap size (-Xmx/-Xms)
#   Decrease number of Java threads
#   Decrease Java thread stack sizes (-Xss)
#   Set larger code cache with -XX:ReservedCodeCacheSize=
# This output file may be truncated or incomplete.
#
#  Out of Memory Error (allocation.cpp:273), pid=3200, tid=4544
#
# JRE version: Java(TM) SE Runtime Environment (8.0_91-b15) (build 1.8.0_91-b15)
# Java VM: Java HotSpot(TM) 64-Bit Server VM (25.91-b15 mixed mode windows-amd64 compressed oops)
# Failed to write core dump. Minidumps are not enabled by default on client versions of Windows
#

---------------  T H R E A D  ---------------

Current thread (0x000000005645d000):  JavaThread "C1 CompilerThread2" daemon [_thread_in_vm, id=4544, stack(0x0000000056f30000,0x0000000057030000)]

Stack: [0x0000000056f30000,0x0000000057030000]
[error occurred during error reporting (printing stack bounds), id 0xc0000005]

Native frames: (J=compiled Java code, j=interpreted, Vv=VM code, C=native code)


---------------  P R O C E S S  ---------------

Java Threads: ( => current thread )
=>0x000000005645d000 JavaThread "C1 CompilerThread2" daemon [_thread_in_vm, id=4544, stack(0x0000000056f30000,0x0000000057030000)]
  0x000000005645b000 JavaThread "C2 CompilerThread1" daemon [_thread_blocked, id=5248, stack(0x0000000056d40000,0x0000000056e40000)]
  0x0000000056453000 JavaThread "C2 CompilerThread0" daemon [_thread_in_vm, id=5480, stack(0x0000000056bd0000,0x0000000056cd0000)]
  0x0000000054faf800 JavaThread "Attach Listener" daemon [_thread_blocked, id=5700, stack(0x0000000056a60000,0x0000000056b60000)]
  0x0000000054fbf800 JavaThread "Signal Dispatcher" daemon [_thread_blocked, id=4640, stack(0x0000000056930000,0x0000000056a30000)]
  0x0000000054f9a800 JavaThread "Finalizer" daemon [_thread_blocked, id=880, stack(0x0000000056350000,0x0000000056450000)]
  0x0000000054f53800 JavaThread "Reference Handler" daemon [_thread_blocked, id=5192, stack(0x00000000561f0000,0x00000000562f0000)]
  0x0000000002148000 JavaThread "main" [_thread_in_native, id=5952, stack(0x0000000002560000,0x0000000002660000)]

Other Threads:
  0x0000000054f4c000 VMThread [stack: 0x0000000056040000,0x0000000056140000] [id=584]

VM state:not at safepoint (normal execution)

VM Mutex/Monitor currently owned by a thread: None

Heap:
 PSYoungGen      total 23552K, used 819K [0x00000000eab00000, 0x00000000ec500000, 0x0000000100000000)
  eden space 20480K, 4% used [0x00000000eab00000,0x00000000eabccd60,0x00000000ebf00000)
  from space 3072K, 0% used [0x00000000ec200000,0x00000000ec200000,0x00000000ec500000)
  to   space 3072K, 0% used [0x00000000ebf00000,0x00000000ebf00000,0x00000000ec200000)
 ParOldGen       total 53248K, used 0K [0x00000000c0000000, 0x00000000c3400000, 0x00000000eab00000)
  object space 53248K, 0% used [0x00000000c0000000,0x00000000c0000000,0x00000000c3400000)
 Metaspace       used 2181K, capacity 4480K, committed 4480K, reserved 1056768K
  class space    used 237K, capacity 384K, committed 384K, reserved 1048576K

Card table byte_map: [0x0000000011cf0000,0x0000000011f00000] byte_map_base: 0x00000000116f0000

Marking Bits: (ParMarkBitMap*) 0x000000006c522f70
 Begin Bits: [0x00000000123c0000, 0x00000000133c0000)
 End Bits:   [0x00000000133c0000, 0x00000000143c0000)

Polling page: 0x0000000000230000

CodeCache: size=245760Kb used=1007Kb max_used=1007Kb free=244752Kb
 bounds [0x0000000002930000, 0x0000000002ba0000, 0x0000000011930000]
 total_blobs=170 nmethods=0 adapters=128
 compilation: enabled

Compilation events (0 events):
No events

GC Heap History (0 events):
No events

Deoptimization events (0 events):
No events

Internal exceptions (2 events):
Event: 0.174 Thread 0x0000000002148000 Exception <a 'java/lang/NoSuchMethodError': Method sun.misc.Unsafe.defineClass(Ljava/lang/String;[BII)Ljava/lang/Class; name or signature does not match> (0x00000000eab07cc0) thrown at [C:\re\workspace\8-2-build-windows-amd64-cygwin\jdk8u91\7017\hotspot\sreíN?¥EÆ?
Event: 0.174 Thread 0x0000000002148000 Exception <a 'java/lang/NoSuchMethodError': Method sun.misc.Unsafe.prefetchRead(Ljava/lang/Object;J)V name or signature does not match> (0x00000000eab07fa8) thrown at [C:\re\workspace\8-2-build-windows-amd64-cygwin\jdk8u91\7017\hotspot\src\share\vm\prims\j

Events (10 events):
Event: 0.250 loading class sun/misc/Launcher$AppClassLoader$1
Event: 0.250 loading class sun/misc/Launcher$AppClassLoader$1 done
Event: 0.251 loading class java/lang/SystemClassLoaderAction
Event: 0.251 loading class java/lang/SystemClassLoaderAction done
Event: 0.254 Thread 0x0000000054fbf800 Thread added: 0x0000000054fbf800
Event: 0.254 Thread 0x0000000054faf800 Thread added: 0x0000000054faf800
Event: 0.255 Thread 0x0000000056453000 Thread added: 0x0000000056453000
Event: 0.255 Thread 0x000000005645b000 Thread added: 0x000000005645b000
Event: 0.255 Thread 0x000000005645d000 Thread added: 0x000000005645d000
Event: 0.255 loading class java/lang/invoke/MethodHandleImpl


Dynamic libraries:
0x000000013ffb0000 - 0x000000013ffe7000 	C:\Program Files\Java\jdk1.8.0_91\bin\java.exe
0x0000000077c30000 - 0x0000000077ddb000 	C:\Windows\SYSTEM32\ntdll.dll
0x0000000077b10000 - 0x0000000077c2f000 	C:\Windows\system32\kernel32.dll
0x000007fefdce0000 - 0x000007fefdd4b000 	C:\Windows\system32\KERNELBASE.dll
0x000007fefe7f0000 - 0x000007fefe8cb000 	C:\Windows\system32\ADVAPI32.dll
0x000007fefeb40000 - 0x000007fefebdf000 	C:\Windows\system32\msvcrt.dll
0x000007fefe5c0000 - 0x000007fefe5df000 	C:\Windows\SYSTEM32\sechost.dll
0x000007fefe020000 - 0x000007fefe14e000 	C:\Windows\system32\RPCRT4.dll
0x0000000077a10000 - 0x0000000077b0a000 	C:\Windows\system32\USER32.dll
0x000007fefe230000 - 0x000007fefe297000 	C:\Windows\system32\GDI32.dll
0x000007fefe1a0000 - 0x000007fefe1ae000 	C:\Windows\system32\LPK.dll
0x000007feffe70000 - 0x000007fefff3a000 	C:\Windows\system32\USP10.dll
0x000007fefc590000 - 0x000007fefc784000 	C:\Windows\WinSxS\amd64_microsoft.windows.common-controls_6595b64144ccf1df_6.0.7600.16385_none_fa645303170382f6\COMCTL32.dll
0x000007fefe1b0000 - 0x000007fefe221000 	C:\Windows\system32\SHLWAPI.dll
0x000007fefe2a0000 - 0x000007fefe2ce000 	C:\Windows\system32\IMM32.DLL
0x000007fefe2d0000 - 0x000007fefe3d9000 	C:\Windows\system32\MSCTF.dll
0x000000006aba0000 - 0x000000006ac72000 	C:\Program Files\Java\jdk1.8.0_91\jre\bin\msvcr100.dll
0x000000006bd10000 - 0x000000006c5a3000 	C:\Program Files\Java\jdk1.8.0_91\jre\bin\server\jvm.dll
0x000007fef7110000 - 0x000007fef7119000 	C:\Windows\system32\WSOCK32.dll
0x000007fefe150000 - 0x000007fefe19d000 	C:\Windows\system32\WS2_32.dll
0x000007feffc00000 - 0x000007feffc08000 	C:\Windows\system32\NSI.dll
0x000007fefbbf0000 - 0x000007fefbc2b000 	C:\Windows\system32\WINMM.dll
0x000007fefcd00000 - 0x000007fefcd0c000 	C:\Windows\system32\VERSION.dll
0x0000000077df0000 - 0x0000000077df7000 	C:\Windows\system32\PSAPI.DLL
0x0000000074360000 - 0x000000007436f000 	C:\Program Files\Java\jdk1.8.0_91\jre\bin\verify.dll
0x0000000073ac0000 - 0x0000000073ae9000 	C:\Program Files\Java\jdk1.8.0_91\jre\bin\java.dll
0x0000000074340000 - 0x0000000074356000 	C:\Program Files\Java\jdk1.8.0_91\jre\bin\zip.dll
0x000007fefebe0000 - 0x000007feff966000 	C:\Windows\system32\SHELL32.dll
0x000007fefe5e0000 - 0x000007fefe7e1000 	C:\Windows\system32\ole32.dll
0x000007fefdb90000 - 0x000007fefdb9f000 	C:\Windows\system32\profapi.dll

VM Arguments:
jvm_args: -Djava.awt.headless=true -Xmx1024M -Dfile.encoding=windows-1256 -Duser.country=FR -Duser.language=fr -Duser.variant 
java_command: com.android.dx.command.Main --dex --force-jumbo --num-threads=4 --multi-dex --output C:\Users\enpei\AndroidStudioProjects\Maptest\app\build\intermediates\transforms\dex\debug\folders\1000\10\com.android.support-support-vector-drawable-23.3.0_07413df417fca73c60b01fd5abb8d17ae28bc764 C:\Users\enpei\AndroidStudioProjects\Maptest\app\build\intermediates\exploded-aar\com.android.support\support-vector-drawable\23.3.0\jars\classes.jar
java_class_path (initial): C:\Users\enpei\AppData\Local\Android\sdk\build-tools\23.0.3\lib\dx.jar
Launcher Type: SUN_STANDARD

Environment Variables:
CLASSPATH=D:\Program Files\OpenNI\Bin64\org.OpenNI.jar
PATH=C:\Python34\;C:\Python34\Scripts;C:\Python34\Lib\site-packages\PyQt4;C:\ProgramData\Oracle\Java\javapath;C:\Program Files (x86)\NVIDIA Corporation\PhysX\Common;C:\PROGRA~2\Borland\CBUILD~1\Bin;C:\PROGRA~2\Borland\CBUILD~1\Projects\Bpl;C:\Windows\system32;C:\Windows;C:\Windows\System32\Wbem;C:\Windows\System32\WindowsPowerShell\v1.0\;C:\Program Files\nodejs\;C:\Program Files (x86)\Common Files\Acronis\SnapAPI\;D:\Program Files\OpenNI\Bin64;D:\Image Processing\OpeeenCV\opencv\build\x64\vc10\bin;C:\Program Files (x86)\MHV AVR Tools\bin;C:\Program Files\Microsoft SQL Server\110\Tools\Binn\;D:\Image Processing\OpeeenCV\opencv\build\x86\vc10\bin;C:\Program Files (x86)\QuickTime\QTSystem\;C:\Program Files (x86)\GtkSharp\2.12\bin;C:\Program Files (x86)\Common Files\lenovo\easyplussdk\bin;C:\Program Files\IVI Foundation\VISA\Win64\Bin\;C:\Program Files (x86)\IVI Foundation\VISA\WinNT\Bin\;C:\Program Files (x86)\IVI Foundation\VISA\WinNT\Bin;C:\Program Files\MATLAB\R2012a\runtime\win64;C:\Program Files\MATLAB\R2012a\bin;C:\Program Files\Git\cmd;C:\Users\enpei\AppData\Roaming\npm;D:\Program Files (x86)\mrpt-1.3.0\bin;C:\Program Files (x86)\w3af;D:\opencv\x64\vc10\bin;C:\Program Files (x86)\Nmap
USERNAME=enpei
OS=Windows_NT
PROCESSOR_IDENTIFIER=Intel64 Family 6 Model 37 Stepping 5, GenuineIntel



---------------  S Y S T E M  ---------------

OS:Failed to allocate version_info

CPU:total 4 (2 cores per cpu, 2 threads per core) family 6 model 37 stepping 5, cmov, cx8, fxsr, mmx, sse, sse2, sse3, ssse3, sse4.1, sse4.2, popcnt, aes, clmul, ht, tsc, tscinvbit

Memory: 4k page, physical 5100088k(350960k free), swap 7097968k(5056k free)

vm_info: Java HotSpot(TM) 64-Bit Server VM (25.91-b15) for windows-amd64 JRE (1.8.0_91-b15), built on May 20 2016 17:43:15 by "java_re" with MS VC++ 10.0 (VS2010)

time: Wed Aug 24 20:44:15 2016
elapsed time: 0 seconds (0d 0h 0m 0s)

