Event: 4.971 Thread 0x0000000056638800 1212       3       com.android.dx.rop.code.LocalItem::compareTo (9 bytes)
Event: 4.972 Thread 0x0000000056638800 nmethod 1212 0x0000000002c8c410 code [0x0000000002c8c5c0, 0x0000000002c8cc98]
Event: 4.972 Thread 0x0000000056638800 1213       3       com.android.dx.cf.code.RopperMachine::updateReturnOp (115 bytes)
Event: 4.974 Thread 0x0000000056638800 nmethod 1213 0x0000000002c8cf10 code [0x0000000002c8d1a0, 0x0000000002c8e3b8]
Event: 4.974 Thread 0x0000000056638800 1214       3       com.android.dx.rop.cst.CstNat::equals (48 bytes)
Event: 4.975 Thread 0x0000000056638800 nmethod 1214 0x0000000002c8ebd0 code [0x0000000002c8eda0, 0x0000000002c8f778]
Event: 4.975 Thread 0x0000000056638800 1215       3       java.util.Vector::<init> (49 bytes)
Event: 4.976 Thread 0x0000000056638800 nmethod 1215 0x0000000002c8fa10 code [0x0000000002c8fc00, 0x0000000002c905d8]
Event: 4.976 Thread 0x0000000056638800 1216       3       com.android.dx.ssa.NormalSsaInsn::canThrow (8 bytes)
Event: 4.976 Thread 0x0000000056638800 nmethod 1216 0x0000000002c90a90 code [0x0000000002c90c20, 0x0000000002c91068]

GC Heap History (2 events):
Event: 3.621 GC heap before
{Heap before GC invocations=1 (full 0):
 PSYoungGen      total 23552K, used 20480K [0x00000000eab00000, 0x00000000ec500000, 0x0000000100000000)
  eden space 20480K, 100% used [0x00000000eab00000,0x00000000ebf00000,0x00000000ebf00000)
  from space 3072K, 0% used [0x00000000ec200000,0x00000000ec200000,0x00000000ec500000)
  to   space 3072K, 0% used [0x00000000ebf00000,0x00000000ebf00000,0x00000000ec200000)
 ParOldGen       total 53248K, used 0K [0x00000000c0000000, 0x00000000c3400000, 0x00000000eab00000)
  object space 53248K, 0% used [0x00000000c0000000,0x00000000c0000000,0x00000000c3400000)
 Metaspace       used 5729K, capacity 6640K, committed 6784K, reserved 1056768K
  class space    used 594K, capacity 616K, committed 640K, reserved 1048576K
Event: 3.671 GC heap after
Heap after GC invocations=1 (full 0):
 PSYoungGen      total 23552K, used 3066K [0x00000000eab00000, 0x00000000ec500000, 0x0000000100000000)
  eden space 20480K, 0% used [0x00000000eab00000,0x00000000eab00000,0x00000000ebf00000)
  from space 3072K, 99% used [0x00000000ebf00000,0x00000000ec1fe970,0x00000000ec200000)
  to   space 3072K, 0% used [0x00000000ec200000,0x00000000ec200000,0x00000000ec500000)
 ParOldGen       total 53248K, used 903K [0x00000000c0000000, 0x00000000c3400000, 0x00000000eab00000)
  object space 53248K, 1% used [0x00000000c0000000,0x00000000c00e1e90,0x00000000c3400000)
 Metaspace       used 5729K, capacity 6640K, committed 6784K, reserved 1056768K
  class space    used 594K, capacity 616K, committed 640K, reserved 1048576K
}

Deoptimization events (5 events):
Event: 3.056 Thread 0x0000000056871800 Uncommon trap: reason=unstable_if action=reinterpret pc=0x0000000002a08c8c method=java.util.HashMap.getNode(ILjava/lang/Object;)Ljava/util/HashMap$Node; @ 129
Event: 4.156 Thread 0x0000000002148000 Uncommon trap: reason=unstable_if action=reinterpret pc=0x00000000029ac80c method=java.lang.String.<init>([CII)V @ 18
Event: 4.300 Thread 0x0000000056876800 Uncommon trap: reason=unstable_if action=reinterpret pc=0x0000000002b2df00 method=com.android.dx.ssa.NormalSsaInsn.getLocalAssignment()Lcom/android/dx/rop/code/RegisterSpec; @ 12
Event: 4.300 Thread 0x0000000056876800 Uncommon trap: reason=unstable_if action=reinterpret pc=0x0000000002abf0a0 method=com.android.dx.ssa.NormalSsaInsn.getLocalAssignment()Lcom/android/dx/rop/code/RegisterSpec; @ 12
Event: 4.950 Thread 0x0000000056871800 Uncommon trap: reason=class_check action=maybe_recompile pc=0x0000000002bf9118 method=com.android.dx.ssa.NormalSsaInsn.accept(Lcom/android/dx/ssa/SsaInsn$Visitor;)V @ 9

Internal exceptions (2 events):
Event: 0.074 Thread 0x0000000002148000 Exception <a 'java/lang/NoSuchMethodError': Method sun.misc.Unsafe.defineClass(Ljava/lang/String;[BII)Ljava/lang/Class; name or signature does not match> (0x00000000eab07cc0) thrown at [C:\re\workspace\8-2-build-windows-amd64-cygwin\jdk8u91\7017\hotspot\srµ\¼}à³?
Event: 0.074 Thread 0x0000000002148000 Exception <a 'java/lang/NoSuchMethodError': Method sun.misc.Unsafe.prefetchRead(Ljava/lang/Object;J)V name or signature does not match> (0x00000000eab07fa8) thrown at [C:\re\workspace\8-2-build-windows-amd64-cygwin\jdk8u91\7017\hotspot\src\share\vm\prims\j

Events (10 events):
Event: 4.613 Executing VM operation: EnableBiasedLocking done
Event: 4.949 loading class java/util/TreeMap$EntrySet
Event: 4.949 loading class java/util/TreeMap$EntrySet done
Event: 4.949 loading class java/util/TreeMap$EntryIterator
Event: 4.949 loading class java/util/TreeMap$EntryIterator done
Event: 4.949 Executing VM operation: Deoptimize
Event: 4.950 Executing VM operation: Deoptimize done
Event: 4.950 Thread 0x0000000056871800 Uncommon trap: trap_request=0xffffffde fr.pc=0x0000000002bf9118
Event: 4.950 Thread 0x0000000056871800 DEOPT PACKING pc=0x0000000002bf9118 sp=0x000000005807ea90
Event: 4.950 Thread 0x0000000056871800 DEOPT UNPACKING pc=0x000000000281582a sp=0x000000005807e9b0 mode 2


Dynamic libraries:
0x000000013ffb0000 - 0x000000013ffe7000 	C:\Program Files\Java\jdk1.8.0_91\bin\java.exe
0x0000000077c30000 - 0x0000000077ddb000 	C:\Windows\SYSTEM32\ntdll.dll
0x0000000077b10000 - 0x0000000077c2f000 	C:\Windows\system32\kernel32.dll
0x000007fefdce0000 - 0x000007fefdd4b000 	C:\Windows\system32\KERNELBASE.dll
0x000007fefe7f0000 - 0x000007fefe8cb000 	C:\Windows\system32\ADVAPI32.dll
0x000007fefeb40000 - 0x000007fefebdf000 	C:\Windows\system32\msvcrt.dll
0x000007fefe5c0000 - 0x000007fefe5df000 	C:\Windows\SYSTEM32\sechost.dll
0x000007fefe020000 - 0x000007fefe14e000 	C:\Windows\system32\RPCRT4.dll
0x0000000077a10000 - 0x0000000077b0a000 	C:\Windows\system32\USER32.dll
0x000007fefe230000 - 0x000007fefe297000 	C:\Windows\system32\GDI32.dll
0x000007fefe1a0000 - 0x000007fefe1ae000 	C:\Windows\system32\LPK.dll
0x000007feffe70000 - 0x000007fefff3a000 	C:\Windows\system32\USP10.dll
0x000007fefc590000 - 0x000007fefc784000 	C:\Windows\WinSxS\amd64_microsoft.windows.common-controls_6595b64144ccf1df_6.0.7600.16385_none_fa645303170382f6\COMCTL32.dll
0x000007fefe1b0000 - 0x000007fefe221000 	C:\Windows\system32\SHLWAPI.dll
0x000007fefe2a0000 - 0x000007fefe2ce000 	C:\Windows\system32\IMM32.DLL
0x000007fefe2d0000 - 0x000007fefe3d9000 	C:\Windows\system32\MSCTF.dll
0x000000006aba0000 - 0x000000006ac72000 	C:\Program Files\Java\jdk1.8.0_91\jre\bin\msvcr100.dll
0x000000006bd10000 - 0x000000006c5a3000 	C:\Program Files\Java\jdk1.8.0_91\jre\bin\server\jvm.dll
0x000007fef7110000 - 0x000007fef7119000 	C:\Windows\system32\WSOCK32.dll
0x000007fefe150000 - 0x000007fefe19d000 	C:\Windows\system32\WS2_32.dll
0x000007feffc00000 - 0x000007feffc08000 	C:\Windows\system32\NSI.dll
0x000007fefbbf0000 - 0x000007fefbc2b000 	C:\Windows\system32\WINMM.dll
0x000007fefcd00000 - 0x000007fefcd0c000 	C:\Windows\system32\VERSION.dll
0x0000000077df0000 - 0x0000000077df7000 	C:\Windows\system32\PSAPI.DLL
0x0000000074360000 - 0x000000007436f000 	C:\Program Files\Java\jdk1.8.0_91\jre\bin\verify.dll
0x0000000073ac0000 - 0x0000000073ae9000 	C:\Program Files\Java\jdk1.8.0_91\jre\bin\java.dll
0x0000000074340000 - 0x0000000074356000 	C:\Program Files\Java\jdk1.8.0_91\jre\bin\zip.dll
0x000007fefebe0000 - 0x000007feff966000 	C:\Windows\system32\SHELL32.dll
0x000007fefe5e0000 - 0x000007fefe7e1000 	C:\Windows\system32\ole32.dll
0x000007fefdb90000 - 0x000007fefdb9f000 	C:\Windows\system32\profapi.dll

VM Arguments:
jvm_args: -Djava.awt.headless=true -Xmx1024M -Dfile.encoding=windows-1256 -Duser.country=FR -Duser.language=fr -Duser.variant 
java_command: com.android.dx.command.Main --dex --force-jumbo --num-threads=4 --multi-dex --output C:\Users\enpei\AndroidStudioProjects\Maptest\app\build\intermediates\transforms\dex\debug\folders\1000\10\com.google.android.gms-play-services-analytics-8.4.0_9a18edf6ffbc91e14280b7e70e34cde06fec7a71 C:\Users\enpei\AndroidStudioProjects\Maptest\app\build\intermediates\exploded-aar\com.google.android.gms\play-services-analytics\8.4.0\jars\classes.jar
java_class_path (initial): C:\Users\enpei\AppData\Local\Android\sdk\build-tools\23.0.3\lib\dx.jar
Launcher Type: SUN_STANDARD

Environment Variables:
CLASSPATH=D:\Program Files\OpenNI\Bin64\org.OpenNI.jar
PATH=C:\Python34\;C:\Python34\Scripts;C:\Python34\Lib\site-packages\PyQt4;C:\ProgramData\Oracle\Java\javapath;C:\Program Files (x86)\NVIDIA Corporation\PhysX\Common;C:\PROGRA~2\Borland\CBUILD~1\Bin;C:\PROGRA~2\Borland\CBUILD~1\Projects\Bpl;C:\Windows\system32;C:\Windows;C:\Windows\System32\Wbem;C:\Windows\System32\WindowsPowerShell\v1.0\;C:\Program Files\nodejs\;C:\Program Files (x86)\Common Files\Acronis\SnapAPI\;D:\Program Files\OpenNI\Bin64;D:\Image Processing\OpeeenCV\opencv\build\x64\vc10\bin;C:\Program Files (x86)\MHV AVR Tools\bin;C:\Program Files\Microsoft SQL Server\110\Tools\Binn\;D:\Image Processing\OpeeenCV\opencv\build\x86\vc10\bin;C:\Program Files (x86)\QuickTime\QTSystem\;C:\Program Files (x86)\GtkSharp\2.12\bin;C:\Program Files (x86)\Common Files\lenovo\easyplussdk\bin;C:\Program Files\IVI Foundation\VISA\Win64\Bin\;C:\Program Files (x86)\IVI Foundation\VISA\WinNT\Bin\;C:\Program Files (x86)\IVI Foundation\VISA\WinNT\Bin;C:\Program Files\MATLAB\R2012a\runtime\win64;C:\Program Files\MATLAB\R2012a\bin;C:\Program Files\Git\cmd;C:\Users\enpei\AppData\Roaming\npm;D:\Program Files (x86)\mrpt-1.3.0\bin;C:\Program Files (x86)\w3af;D:\opencv\x64\vc10\bin;C:\Program Files (x86)\Nmap
USERNAME=enpei
OS=Windows_NT
PROCESSOR_IDENTIFIER=Intel64 Family 6 Model 37 Stepping 5, GenuineIntel



---------------  S Y S T E M  ---------------

OS: Windows 7 , 64 bit Build 7600 (6.1.7600.16385)

CPU:total 4 (2 cores per cpu, 2 threads per core) family 6 model 37 stepping 5, cmov, cx8, fxsr, mmx, sse, sse2, sse3, ssse3, sse4.1, sse4.2, popcnt, aes, clmul, ht, tsc, tscinvbit

Memory: 4k page, physical 5100088k(317008k free), swap 7097968k(4900k free)

vm_info: Java HotSpot(TM) 64-Bit Server VM (25.91-b15) for windows-amd64 JRE (1.8.0_91-b15), built on May 20 2016 17:43:15 by "java_re" with MS VC++ 10.0 (VS2010)

time: Wed Aug 24 20:43:55 2016
elapsed time: 5 seconds (0d 0h 0m 5s)

