#
# A fatal error has been detected by the Java Runtime Environment:
#
#  EXCEPTION_ACCESS_VIOLATION (0xc0000005) at pc=0x000000006bf22177, pid=3760, tid=4836
#
# JRE version: Java(TM) SE Runtime Environment (8.0_91-b15) (build 1.8.0_91-b15)
# Java VM: Java HotSpot(TM) 64-Bit Server VM (25.91-b15 mixed mode windows-amd64 compressed oops)
# Problematic frame:
# V  [jvm.dll+0x212177]
#
# Failed to write core dump. Minidumps are not enabled by default on client versions of Windows
#
# If you would like to submit a bug report, please visit:
#   http://bugreport.java.com/bugreport/crash.jsp
#

---------------  T H R E A D  ---------------

Current thread (0x0000000056875000):  JavaThread "pool-1-thread-1" [_thread_in_vm, id=4836, stack(0x00000000574d0000,0x00000000575d0000)]

siginfo: ExceptionCode=0xc0000005, writing address 0x00000000575c7dd0

Registers:
RAX=0x00000000575c7dd0, RBX=0x0000000000000007, RCX=0x0000000000006000, RDX=0x0000000000000012
RSP=0x00000000575cddd0, RBP=0x0000000000000000, RSI=0x00000000575cddd0, RDI=0x0000000000000007
R8 =0x0000000000000012, R9 =0x00000000569b4610, R10=0x0000000054a646a8, R11=0x00000000574da160
R12=0x00000000569b4610, R13=0x0000000056875000, R14=0x00000000575cde98, R15=0x0000000054a646a8
RIP=0x000000006bf22177, EFLAGS=0x0000000000010202

Top of Stack: (sp=0x00000000575cddd0)
0x00000000575cddd0:   00000000550711a8 000000006bf466c4
0x00000000575cdde0:   0000000056875000 00000000569b4610
0x00000000575cddf0:   00000000ffffffff 000000006bf230a7
0x00000000575cde00:   00000000575cdf00 0000000054a646a8
0x00000000575cde10:   0000000056875000 000000006bdcf913
0x00000000575cde20:   00000000575cde60 0000000056875000
0x00000000575cde30:   00000000575cdef0 0000000056875000
0x00000000575cde40:   0000000054a646a8 0000000056875000
0x00000000575cde50:   00000000029e6c60 0000000056875000
0x00000000575cde60:   0000000054a646a8 0000000056875000
0x00000000575cde70:   0000000054a646a8 0000000056875000
0x00000000575cde80:   0000000000000001 0000000054a646a8
0x00000000575cde90:   0000000056875000 0000000056717f68
0x00000000575cdea0:   0000000056875000 000000006bdd0dfd
0x00000000575cdeb0:   00000000575ce230 0000000014a52368
0x00000000575cdec0:   0000000014a5f688 00000000575cebe0 

Instructions: (pc=0x000000006bf22177)
0x000000006bf22157:   48 89 6c 24 30 33 ed 66 90 e8 db 37 08 00 ff c3
0x000000006bf22167:   48 63 c8 48 8b c6 48 0f af cf 48 ff c7 48 2b c1
0x000000006bf22177:   89 28 48 63 c3 48 3b 05 1d b5 58 00 7e db 48 8b
0x000000006bf22187:   6c 24 30 48 8b 5c 24 38 48 8b 74 24 40 48 83 c4 


Register to memory mapping:

RAX=0x00000000575c7dd0 is pointing into the stack for thread: 0x0000000056875000
RBX=0x0000000000000007 is an unknown value
RCX=0x0000000000006000 is an unknown value
RDX=0x0000000000000012 is an unknown value
RSP=0x00000000575cddd0 is pointing into the stack for thread: 0x0000000056875000
RBP=0x0000000000000000 is an unknown value
RSI=0x00000000575cddd0 is pointing into the stack for thread: 0x0000000056875000
RDI=0x0000000000000007 is an unknown value
R8 =0x0000000000000012 is an unknown value
R9 =0x00000000569b4610 is an unknown value
R10={method} {0x0000000054a646b0} 'loadClass' '(Ljava/lang/String;)Ljava/lang/Class;' in 'java/lang/ClassLoader'
R11=0x00000000574da160 is pointing into the stack for thread: 0x0000000056875000
R12=0x00000000569b4610 is an unknown value
R13=0x0000000056875000 is a thread
R14=0x00000000575cde98 is pointing into the stack for thread: 0x0000000056875000
R15={method} {0x0000000054a646b0} 'loadClass' '(Ljava/lang/String;)Ljava/lang/Class;' in 'java/lang/ClassLoader'


Stack: [0x00000000574d0000,0x00000000575d0000],  sp=0x00000000575cddd0,  free space=1015k
Native frames: (J=compiled Java code, j=interpreted, Vv=VM code, C=native code)

Java frames: (J=compiled Java code, j=interpreted, Vv=VM code)
j  com.android.dx.dex.file.ClassDataItem.makeStaticValuesConstant()Lcom/android/dx/rop/cst/CstArray;+142
j  com.android.dx.dex.file.ClassDataItem.getStaticValuesConstant()Lcom/android/dx/rop/cst/CstArray;+19
j  com.android.dx.dex.file.ClassDefItem.addContents(Lcom/android/dx/dex/file/DexFile;)V+66
j  com.android.dx.dex.file.UniformItemSection.prepare0()V+40
j  com.android.dx.dex.file.Section.prepare()V+5
j  com.android.dx.dex.file.DexFile.toDex0(ZZ)Lcom/android/dx/util/ByteArrayAnnotatedOutput;+4
j  com.android.dx.dex.file.DexFile.toDex(Ljava/io/Writer;Z)[B+13
j  com.android.dx.command.dexer.Main.writeDex(Lcom/android/dx/dex/file/DexFile;)[B+44
j  com.android.dx.command.dexer.Main.access$3000(Lcom/android/dx/dex/file/DexFile;)[B+1
j  com.android.dx.command.dexer.Main$DexWriter.call()[B+4
j  com.android.dx.command.dexer.Main$DexWriter.call()Ljava/lang/Object;+1
j  java.util.concurrent.FutureTask.run()V+42
j  java.util.concurrent.ThreadPoolExecutor.runWorker(Ljava/util/concurrent/ThreadPoolExecutor$Worker;)V+95
j  java.util.concurrent.ThreadPoolExecutor$Worker.run()V+5
j  java.lang.Thread.run()V+11
v  ~StubRoutines::call_stub

---------------  P R O C E S S  ---------------

Java Threads: ( => current thread )
=>0x0000000056875000 JavaThread "pool-1-thread-1" [_thread_in_vm, id=4836, stack(0x00000000574d0000,0x00000000575d0000)]
  0x00000000566b8000 JavaThread "Service Thread" daemon [_thread_blocked, id=4352, stack(0x0000000056f30000,0x0000000057030000)]
  0x00000000566b4800 JavaThread "C1 CompilerThread2" daemon [_thread_blocked, id=3000, stack(0x00000000571b0000,0x00000000572b0000)]
  0x00000000566a8000 JavaThread "C2 CompilerThread1" daemon [_thread_blocked, id=4532, stack(0x0000000057070000,0x0000000057170000)]
  0x0000000056653000 JavaThread "C2 CompilerThread0" daemon [_thread_blocked, id=6136, stack(0x0000000056d80000,0x0000000056e80000)]
  0x000000005543f800 JavaThread "Attach Listener" daemon [_thread_blocked, id=1776, stack(0x0000000056a50000,0x0000000056b50000)]
  0x000000005544f000 JavaThread "Signal Dispatcher" daemon [_thread_blocked, id=5420, stack(0x0000000056bc0000,0x0000000056cc0000)]
  0x000000005542a800 JavaThread "Finalizer" daemon [_thread_blocked, id=3552, stack(0x0000000056550000,0x0000000056650000)]
  0x00000000553e3800 JavaThread "Reference Handler" daemon [_thread_blocked, id=4400, stack(0x0000000056400000,0x0000000056500000)]
  0x0000000002348000 JavaThread "main" [_thread_blocked, id=3628, stack(0x00000000025d0000,0x00000000026d0000)]

Other Threads:
  0x00000000553dc000 VMThread [stack: 0x00000000562c0000,0x00000000563c0000] [id=384]
  0x0000000056711000 WatcherThread [stack: 0x0000000057350000,0x0000000057450000] [id=5400]

VM state:synchronizing (normal execution)

VM Mutex/Monitor currently owned by a thread:  ([mutex/lock_event])
[0x000000000230df00] Threads_lock - owner thread: 0x00000000553dc000

Heap:
 PSYoungGen      total 23552K, used 12543K [0x00000000eab00000, 0x00000000ec500000, 0x0000000100000000)
  eden space 20480K, 46% used [0x00000000eab00000,0x00000000eb445fa8,0x00000000ebf00000)
  from space 3072K, 99% used [0x00000000ec200000,0x00000000ec4f9c78,0x00000000ec500000)
  to   space 3072K, 0% used [0x00000000ebf00000,0x00000000ebf00000,0x00000000ec200000)
 ParOldGen       total 53248K, used 4752K [0x00000000c0000000, 0x00000000c3400000, 0x00000000eab00000)
  object space 53248K, 8% used [0x00000000c0000000,0x00000000c04a40e0,0x00000000c3400000)
 Metaspace       used 6067K, capacity 6902K, committed 7040K, reserved 1056768K
  class space    used 608K, capacity 622K, committed 640K, reserved 1048576K

Card table byte_map: [0x0000000011d60000,0x0000000011f70000] byte_map_base: 0x0000000011760000

Marking Bits: (ParMarkBitMap*) 0x000000006c522f70
 Begin Bits: [0x0000000012850000, 0x0000000013850000)
 End Bits:   [0x0000000013850000, 0x0000000014850000)

Polling page: 0x0000000000130000

CodeCache: size=245760Kb used=4010Kb max_used=4015Kb free=241749Kb
 bounds [0x00000000029a0000, 0x0000000002d90000, 0x00000000119a0000]
 total_blobs=1309 nmethods=1040 adapters=180
 compilation: disabled (not enough contiguous free space left)

Compilation events (10 events):
Event: 5.016 Thread 0x0000000056653000 1013       4       java.util.Collections$UnmodifiableCollection$1::next (10 bytes)
Event: 5.016 Thread 0x00000000566b4800 nmethod 1042 0x0000000002d8ded0 code [0x0000000002d8e0a0, 0x0000000002d8e848]
Event: 5.016 Thread 0x00000000566b4800 1045       3       com.android.dx.dex.file.Section::throwIfPrepared (18 bytes)
Event: 5.017 Thread 0x00000000566b4800 nmethod 1045 0x0000000002d88710 code [0x0000000002d88880, 0x0000000002d88ac8]
Event: 5.017 Thread 0x00000000566b4800 1046       3       com.android.dx.dex.file.MemberIdItem::<init> (14 bytes)
Event: 5.017 Thread 0x00000000566b4800 nmethod 1046 0x0000000002d8d650 code [0x0000000002d8d7e0, 0x0000000002d8dc88]
Event: 5.017 Thread 0x00000000566b4800 1048  s    3       com.android.dx.dex.file.MethodIdsSection::intern (55 bytes)
Event: 5.019 Thread 0x0000000056653000 

Event: 5.019 Thread 0x00000000566a8000 

Event: 5.021 Thread 0x00000000566b4800 


GC Heap History (4 events):
Event: 4.455 GC heap before
{Heap before GC invocations=1 (full 0):
 PSYoungGen      total 23552K, used 20480K [0x00000000eab00000, 0x00000000ec500000, 0x0000000100000000)
  eden space 20480K, 100% used [0x00000000eab00000,0x00000000ebf00000,0x00000000ebf00000)
  from space 3072K, 0% used [0x00000000ec200000,0x00000000ec200000,0x00000000ec500000)
  to   space 3072K, 0% used [0x00000000ebf00000,0x00000000ebf00000,0x00000000ec200000)
 ParOldGen       total 53248K, used 0K [0x00000000c0000000, 0x00000000c3400000, 0x00000000eab00000)
  object space 53248K, 0% used [0x00000000c0000000,0x00000000c0000000,0x00000000c3400000)
 Metaspace       used 5890K, capacity 6770K, committed 7040K, reserved 1056768K
  class space    used 602K, capacity 618K, committed 640K, reserved 1048576K
Event: 4.702 GC heap after
Heap after GC invocations=1 (full 0):
 PSYoungGen      total 23552K, used 3047K [0x00000000eab00000, 0x00000000ec500000, 0x0000000100000000)
  eden space 20480K, 0% used [0x00000000eab00000,0x00000000eab00000,0x00000000ebf00000)
  from space 3072K, 99% used [0x00000000ebf00000,0x00000000ec1f9ca8,0x00000000ec200000)
  to   space 3072K, 0% used [0x00000000ec200000,0x00000000ec200000,0x00000000ec500000)
 ParOldGen       total 53248K, used 1725K [0x00000000c0000000, 0x00000000c3400000, 0x00000000eab00000)
  object space 53248K, 3% used [0x00000000c0000000,0x00000000c01af7a8,0x00000000c3400000)
 Metaspace       used 5890K, capacity 6770K, committed 7040K, reserved 1056768K
  class space    used 602K, capacity 618K, committed 640K, reserved 1048576K
}
Event: 5.314 GC heap before
{Heap before GC invocations=2 (full 0):
 PSYoungGen      total 23552K, used 23527K [0x00000000eab00000, 0x00000000ec500000, 0x0000000100000000)
  eden space 20480K, 100% used [0x00000000eab00000,0x00000000ebf00000,0x00000000ebf00000)
  from space 3072K, 99% used [0x00000000ebf00000,0x00000000ec1f9ca8,0x00000000ec200000)
  to   space 3072K, 0% used [0x00000000ec200000,0x00000000ec200000,0x00000000ec500000)
 ParOldGen       total 53248K, used 1725K [0x00000000c0000000, 0x00000000c3400000, 0x00000000eab00000)
  object space 53248K, 3% used [0x00000000c0000000,0x00000000c01af7a8,0x00000000c3400000)
 Metaspace       used 6014K, capacity 6898K, committed 7040K, reserved 1056768K
  class space    used 602K, capacity 618K, committed 640K, reserved 1048576K
Event: 5.333 GC heap after
Heap after GC invocations=2 (full 0):
 PSYoungGen      total 23552K, used 3047K [0x00000000eab00000, 0x00000000ec500000, 0x0000000100000000)
  eden space 20480K, 0% used [0x00000000eab00000,0x00000000eab00000,0x00000000ebf00000)
  from space 3072K, 99% used [0x00000000ec200000,0x00000000ec4f9c78,0x00000000ec500000)
  to   space 3072K, 0% used [0x00000000ebf00000,0x00000000ebf00000,0x00000000ec200000)
 ParOldGen       total 53248K, used 4752K [0x00000000c0000000, 0x00000000c3400000, 0x00000000eab00000)
  object space 53248K, 8% used [0x00000000c0000000,0x00000000c04a40e0,0x00000000c3400000)
 Metaspace       used 6014K, capacity 6898K, committed 7040K, reserved 1056768K
  class space    used 602K, capacity 618K, committed 640K, reserved 1048576K
}

Deoptimization events (10 events):
Event: 3.062 Thread 0x0000000056875000 Uncommon trap: reason=unstable_if action=reinterpret pc=0x0000000002b9e3a8 method=java.util.HashMap.getNode(ILjava/lang/Object;)Ljava/util/HashMap$Node; @ 62
Event: 3.075 Thread 0x0000000056875000 Uncommon trap: reason=unstable_if action=reinterpret pc=0x0000000002bb6a98 method=java.util.HashMap.getNode(ILjava/lang/Object;)Ljava/util/HashMap$Node; @ 62
Event: 3.146 Thread 0x0000000056873000 Uncommon trap: reason=unstable_if action=reinterpret pc=0x0000000002bb9aa0 method=java.util.BitSet.nextSetBit(I)I @ 87
Event: 3.709 Thread 0x0000000056870800 Uncommon trap: reason=unloaded action=reinterpret pc=0x0000000002c7e798 method=com.android.dx.ssa.SsaRenamer$BlockRenamer.visitMoveInsn(Lcom/android/dx/ssa/NormalSsaInsn;)V @ 208
Event: 4.962 Thread 0x0000000056873000 Uncommon trap: reason=class_check action=maybe_recompile pc=0x0000000002c1c778 method=com.android.dx.rop.type.Type.equals(Ljava/lang/Object;)Z @ 8
Event: 4.962 Thread 0x0000000056873000 Uncommon trap: reason=class_check action=maybe_recompile pc=0x0000000002c1c778 method=com.android.dx.rop.type.Type.equals(Ljava/lang/Object;)Z @ 8
Event: 4.962 Thread 0x0000000056873000 Uncommon trap: reason=class_check action=maybe_recompile pc=0x0000000002c1c778 method=com.android.dx.rop.type.Type.equals(Ljava/lang/Object;)Z @ 8
Event: 5.165 Thread 0x0000000056875000 Uncommon trap: reason=null_check action=make_not_entrant pc=0x0000000002d23dc4 method=com.android.dx.ssa.SsaRenamer.getLocalForNewReg(I)Lcom/android/dx/rop/code/LocalItem; @ 19
Event: 5.175 Thread 0x0000000056873000 Uncommon trap: reason=class_check action=maybe_recompile pc=0x0000000002c1c778 method=com.android.dx.rop.type.Type.equals(Ljava/lang/Object;)Z @ 8
Event: 5.363 Thread 0x0000000002348000 Uncommon trap: reason=unstable_if action=reinterpret pc=0x0000000002d4e8cc method=com.android.dx.rop.code.RegisterSpecSet.put(Lcom/android/dx/rop/code/RegisterSpec;)V @ 77

Internal exceptions (3 events):
Event: 0.098 Thread 0x0000000002348000 Exception <a 'java/lang/NoSuchMethodError': Method sun.misc.Unsafe.defineClass(Ljava/lang/String;[BII)Ljava/lang/Class; name or signature does not match> (0x00000000eab07cc0) thrown at [C:\re\workspace\8-2-build-windows-amd64-cygwin\jdk8u91\7017\hotspot\sr≈±Ò:π?
Event: 0.099 Thread 0x0000000002348000 Exception <a 'java/lang/NoSuchMethodError': Method sun.misc.Unsafe.prefetchRead(Ljava/lang/Object;J)V name or signature does not match> (0x00000000eab07fa8) thrown at [C:\re\workspace\8-2-build-windows-amd64-cygwin\jdk8u91\7017\hotspot\src\share\vm\prims\jå9=èk©@
Event: 5.165 Thread 0x0000000056875000 Implicit null exception at 0x0000000002d22df9 to 0x0000000002d23d8d

Events (10 events):
Event: 5.551 loading class com/android/dx/command/dexer/Main$DexWriter done
Event: 5.552 Thread 0x0000000056875000 Thread added: 0x0000000056875000
Event: 5.688 loading class java/util/TreeMap$KeySet
Event: 5.721 loading class java/util/NavigableSet
Event: 5.721 loading class java/util/SortedSet
Event: 5.740 loading class java/util/SortedSet done
Event: 5.741 loading class java/util/NavigableSet done
Event: 5.741 loading class java/util/TreeMap$KeySet done
Event: 5.741 loading class java/util/TreeMap$KeyIterator
Event: 5.741 loading class java/util/TreeMap$KeyIterator done


Dynamic libraries:
0x000000013ffb0000 - 0x000000013ffe7000 	C:\Program Files\Java\jdk1.8.0_91\bin\java.exe
0x0000000077c30000 - 0x0000000077ddb000 	C:\Windows\SYSTEM32\ntdll.dll
0x0000000077b10000 - 0x0000000077c2f000 	C:\Windows\system32\kernel32.dll
0x000007fefdce0000 - 0x000007fefdd4b000 	C:\Windows\system32\KERNELBASE.dll
0x000007fefe7f0000 - 0x000007fefe8cb000 	C:\Windows\system32\ADVAPI32.dll
0x000007fefeb40000 - 0x000007fefebdf000 	C:\Windows\system32\msvcrt.dll
0x000007fefe5c0000 - 0x000007fefe5df000 	C:\Windows\SYSTEM32\sechost.dll
0x000007fefe020000 - 0x000007fefe14e000 	C:\Windows\system32\RPCRT4.dll
0x0000000077a10000 - 0x0000000077b0a000 	C:\Windows\system32\USER32.dll
0x000007fefe230000 - 0x000007fefe297000 	C:\Windows\system32\GDI32.dll
0x000007fefe1a0000 - 0x000007fefe1ae000 	C:\Windows\system32\LPK.dll
0x000007feffe70000 - 0x000007fefff3a000 	C:\Windows\system32\USP10.dll
0x000007fefc590000 - 0x000007fefc784000 	C:\Windows\WinSxS\amd64_microsoft.windows.common-controls_6595b64144ccf1df_6.0.7600.16385_none_fa645303170382f6\COMCTL32.dll
0x000007fefe1b0000 - 0x000007fefe221000 	C:\Windows\system32\SHLWAPI.dll
0x000007fefe2a0000 - 0x000007fefe2ce000 	C:\Windows\system32\IMM32.DLL
0x000007fefe2d0000 - 0x000007fefe3d9000 	C:\Windows\system32\MSCTF.dll
0x000000006aba0000 - 0x000000006ac72000 	C:\Program Files\Java\jdk1.8.0_91\jre\bin\msvcr100.dll
0x000000006bd10000 - 0x000000006c5a3000 	C:\Program Files\Java\jdk1.8.0_91\jre\bin\server\jvm.dll
0x000007fef7110000 - 0x000007fef7119000 	C:\Windows\system32\WSOCK32.dll
0x000007fefe150000 - 0x000007fefe19d000 	C:\Windows\system32\WS2_32.dll
0x000007feffc00000 - 0x000007feffc08000 	C:\Windows\system32\NSI.dll
0x000007fefbbf0000 - 0x000007fefbc2b000 	C:\Windows\system32\WINMM.dll
0x000007fefcd00000 - 0x000007fefcd0c000 	C:\Windows\system32\VERSION.dll
0x0000000077df0000 - 0x0000000077df7000 	C:\Windows\system32\PSAPI.DLL
0x0000000074360000 - 0x000000007436f000 	C:\Program Files\Java\jdk1.8.0_91\jre\bin\verify.dll
0x0000000073ac0000 - 0x0000000073ae9000 	C:\Program Files\Java\jdk1.8.0_91\jre\bin\java.dll
0x0000000074340000 - 0x0000000074356000 	C:\Program Files\Java\jdk1.8.0_91\jre\bin\zip.dll
0x000007fefebe0000 - 0x000007feff966000 	C:\Windows\system32\SHELL32.dll
0x000007fefe5e0000 - 0x000007fefe7e1000 	C:\Windows\system32\ole32.dll
0x000007fefdb90000 - 0x000007fefdb9f000 	C:\Windows\system32\profapi.dll
0x000007fef94c0000 - 0x000007fef95e5000 	C:\Windows\system32\dbghelp.dll

VM Arguments:
jvm_args: -Djava.awt.headless=true -Xmx1024M -Dfile.encoding=windows-1256 -Duser.country=FR -Duser.language=fr -Duser.variant 
java_command: com.android.dx.command.Main --dex --force-jumbo --num-threads=4 --multi-dex --output C:\Users\enpei\AndroidStudioProjects\Maptest\app\build\intermediates\transforms\dex\debug\folders\1000\10\com.google.android.gms-play-services-base-8.4.0_d258f7f47c8a18e5607a6f6a6a0481ffd2d8314d C:\Users\enpei\AndroidStudioProjects\Maptest\app\build\intermediates\exploded-aar\com.google.android.gms\play-services-base\8.4.0\jars\classes.jar
java_class_path (initial): C:\Users\enpei\AppData\Local\Android\sdk\build-tools\23.0.3\lib\dx.jar
Launcher Type: SUN_STANDARD

Environment Variables:
CLASSPATH=D:\Program Files\OpenNI\Bin64\org.OpenNI.jar
PATH=C:\Python34\;C:\Python34\Scripts;C:\Python34\Lib\site-packages\PyQt4;C:\ProgramData\Oracle\Java\javapath;C:\Program Files (x86)\NVIDIA Corporation\PhysX\Common;C:\PROGRA~2\Borland\CBUILD~1\Bin;C:\PROGRA~2\Borland\CBUILD~1\Projects\Bpl;C:\Windows\system32;C:\Windows;C:\Windows\System32\Wbem;C:\Windows\System32\WindowsPowerShell\v1.0\;C:\Program Files\nodejs\;C:\Program Files (x86)\Common Files\Acronis\SnapAPI\;D:\Program Files\OpenNI\Bin64;D:\Image Processing\OpeeenCV\opencv\build\x64\vc10\bin;C:\Program Files (x86)\MHV AVR Tools\bin;C:\Program Files\Microsoft SQL Server\110\Tools\Binn\;D:\Image Processing\OpeeenCV\opencv\build\x86\vc10\bin;C:\Program Files (x86)\QuickTime\QTSystem\;C:\Program Files (x86)\GtkSharp\2.12\bin;C:\Program Files (x86)\Common Files\lenovo\easyplussdk\bin;C:\Program Files\IVI Foundation\VISA\Win64\Bin\;C:\Program Files (x86)\IVI Foundation\VISA\WinNT\Bin\;C:\Program Files (x86)\IVI Foundation\VISA\WinNT\Bin;C:\Program Files\MATLAB\R2012a\runtime\win64;C:\Program Files\MATLAB\R2012a\bin;C:\Program Files\Git\cmd;C:\Users\enpei\AppData\Roaming\npm;D:\Program Files (x86)\mrpt-1.3.0\bin;C:\Program Files (x86)\w3af;D:\opencv\x64\vc10\bin;C:\Program Files (x86)\Nmap
USERNAME=enpei
OS=Windows_NT
PROCESSOR_IDENTIFIER=Intel64 Family 6 Model 37 Stepping 5, GenuineIntel



---------------  S Y S T E M  ---------------

OS: Windows 7 , 64 bit Build 7600 (6.1.7600.16385)

CPU:total 4 (2 cores per cpu, 2 threads per core) family 6 model 37 stepping 5, cmov, cx8, fxsr, mmx, sse, sse2, sse3, ssse3, sse4.1, sse4.2, popcnt, aes, clmul, ht, tsc, tscinvbit

Memory: 4k page, physical 5100088k(350928k free), swap 7097968k(143208k free)

vm_info: Java HotSpot(TM) 64-Bit Server VM (25.91-b15) for windows-amd64 JRE (1.8.0_91-b15), built on May 20 2016 17:43:15 by "java_re" with MS VC++ 10.0 (VS2010)

time: Wed Aug 24 20:43:56 2016
elapsed time: 6 seconds (0d 0h 0m 6s)

